C:\Program Files (x86)\Microsoft Visual Studio\2019\Community\MSBuild\Microsoft\VC\v160\Microsoft.CppBuild.targets(491,5): warning MSB8028: The intermediate directory (D:\Google Drive\CPSC 2376\Quests\Team Quests\Contra\Level.6.Quest.Solution\Temp\) contains files shared from another project (Level.4.Quest.Solution.vcxproj, Level.5.Quest.Solution.vcxproj).  This can lead to incorrect clean and rebuild behavior.
  D:\Google Drive\CPSC 2376\Quests\Team Quests\Contra\Level.6.Quest.Solution\SDL2\lib\x86\libfreetype-6.dll
  D:\Google Drive\CPSC 2376\Quests\Team Quests\Contra\Level.6.Quest.Solution\SDL2\lib\x86\libjpeg-9.dll
  D:\Google Drive\CPSC 2376\Quests\Team Quests\Contra\Level.6.Quest.Solution\SDL2\lib\x86\libpng16-16.dll
  D:\Google Drive\CPSC 2376\Quests\Team Quests\Contra\Level.6.Quest.Solution\SDL2\lib\x86\libtiff-5.dll
  D:\Google Drive\CPSC 2376\Quests\Team Quests\Contra\Level.6.Quest.Solution\SDL2\lib\x86\libwebp-4.dll
  D:\Google Drive\CPSC 2376\Quests\Team Quests\Contra\Level.6.Quest.Solution\SDL2\lib\x86\SDL2.dll
  D:\Google Drive\CPSC 2376\Quests\Team Quests\Contra\Level.6.Quest.Solution\SDL2\lib\x86\SDL2_image.dll
  D:\Google Drive\CPSC 2376\Quests\Team Quests\Contra\Level.6.Quest.Solution\SDL2\lib\x86\SDL2_ttf.dll
  D:\Google Drive\CPSC 2376\Quests\Team Quests\Contra\Level.6.Quest.Solution\SDL2\lib\x86\zlib1.dll
          9 file(s) copied.
  Level.6.Quest.Solution.vcxproj -> D:\Google Drive\CPSC 2376\Quests\Team Quests\Contra\Level.6.Quest.Solution\Game\Level.6.Quest.Solution.exe
  D:\Google Drive\CPSC 2376\Quests\Team Quests\Contra\Level.6.Quest.Solution\libfreetype-6.dll
  D:\Google Drive\CPSC 2376\Quests\Team Quests\Contra\Level.6.Quest.Solution\libjpeg-9.dll
  D:\Google Drive\CPSC 2376\Quests\Team Quests\Contra\Level.6.Quest.Solution\libpng16-16.dll
  D:\Google Drive\CPSC 2376\Quests\Team Quests\Contra\Level.6.Quest.Solution\libtiff-5.dll
  D:\Google Drive\CPSC 2376\Quests\Team Quests\Contra\Level.6.Quest.Solution\libwebp-4.dll
  D:\Google Drive\CPSC 2376\Quests\Team Quests\Contra\Level.6.Quest.Solution\SDL2.dll
  D:\Google Drive\CPSC 2376\Quests\Team Quests\Contra\Level.6.Quest.Solution\SDL2_image.dll
  D:\Google Drive\CPSC 2376\Quests\Team Quests\Contra\Level.6.Quest.Solution\SDL2_ttf.dll
  D:\Google Drive\CPSC 2376\Quests\Team Quests\Contra\Level.6.Quest.Solution\zlib1.dll
          9 file(s) moved.
