C:\Program Files\Microsoft Visual Studio\2022\Community\MSBuild\Microsoft\VC\v170\Microsoft.CppBuild.targets(510,5): warning MSB8028: The intermediate directory (C:\Users\Ryan Daley\Documents\GitHub\cpsc-2376-final-project-seadogs_daley_estrada\Temp\) contains files shared from another project (Level.4.Quest.Solution.vcxproj, Level.5.Quest.Solution.vcxproj, Level.6.Quest.Solution.vcxproj).  This can lead to incorrect clean and rebuild behavior.
  C:\Users\Ryan Daley\Documents\GitHub\cpsc-2376-final-project-seadogs_daley_estrada\SDL2\lib\x86\libfreetype-6.dll
  C:\Users\Ryan Daley\Documents\GitHub\cpsc-2376-final-project-seadogs_daley_estrada\SDL2\lib\x86\libjpeg-9.dll
  C:\Users\Ryan Daley\Documents\GitHub\cpsc-2376-final-project-seadogs_daley_estrada\SDL2\lib\x86\libpng16-16.dll
  C:\Users\Ryan Daley\Documents\GitHub\cpsc-2376-final-project-seadogs_daley_estrada\SDL2\lib\x86\libtiff-5.dll
  C:\Users\Ryan Daley\Documents\GitHub\cpsc-2376-final-project-seadogs_daley_estrada\SDL2\lib\x86\libwebp-4.dll
  C:\Users\Ryan Daley\Documents\GitHub\cpsc-2376-final-project-seadogs_daley_estrada\SDL2\lib\x86\SDL2.dll
  C:\Users\Ryan Daley\Documents\GitHub\cpsc-2376-final-project-seadogs_daley_estrada\SDL2\lib\x86\SDL2_image.dll
  C:\Users\Ryan Daley\Documents\GitHub\cpsc-2376-final-project-seadogs_daley_estrada\SDL2\lib\x86\SDL2_ttf.dll
  C:\Users\Ryan Daley\Documents\GitHub\cpsc-2376-final-project-seadogs_daley_estrada\SDL2\lib\x86\zlib1.dll
          9 file(s) copied.
  Player.cpp
  Level.6.Quest.Assignment.vcxproj -> C:\Users\Ryan Daley\Documents\GitHub\cpsc-2376-final-project-seadogs_daley_estrada\Game\Level.6.Quest.Assignment.exe
  C:\Users\Ryan Daley\Documents\GitHub\cpsc-2376-final-project-seadogs_daley_estrada\libfreetype-6.dll
  C:\Users\Ryan Daley\Documents\GitHub\cpsc-2376-final-project-seadogs_daley_estrada\libjpeg-9.dll
  C:\Users\Ryan Daley\Documents\GitHub\cpsc-2376-final-project-seadogs_daley_estrada\libpng16-16.dll
  C:\Users\Ryan Daley\Documents\GitHub\cpsc-2376-final-project-seadogs_daley_estrada\libtiff-5.dll
  C:\Users\Ryan Daley\Documents\GitHub\cpsc-2376-final-project-seadogs_daley_estrada\libwebp-4.dll
  C:\Users\Ryan Daley\Documents\GitHub\cpsc-2376-final-project-seadogs_daley_estrada\SDL2.dll
  C:\Users\Ryan Daley\Documents\GitHub\cpsc-2376-final-project-seadogs_daley_estrada\SDL2_image.dll
  C:\Users\Ryan Daley\Documents\GitHub\cpsc-2376-final-project-seadogs_daley_estrada\SDL2_ttf.dll
  C:\Users\Ryan Daley\Documents\GitHub\cpsc-2376-final-project-seadogs_daley_estrada\zlib1.dll
          9 file(s) moved.
